[debug] [2020-10-08T16:57:25.800Z] ----------------------------------------------------------------------
[debug] [2020-10-08T16:57:25.802Z] Command:       C:\Program Files\nodejs\node.exe C:\Users\1104506\AppData\Roaming\npm\node_modules\firebase-tools\lib\bin\firebase.js serve
[debug] [2020-10-08T16:57:25.802Z] CLI Version:   8.12.0
[debug] [2020-10-08T16:57:25.802Z] Platform:      win32
[debug] [2020-10-08T16:57:25.802Z] Node Version:  v14.11.0
[debug] [2020-10-08T16:57:25.803Z] Time:          Thu Oct 08 2020 09:57:25 GMT-0700 (Pacific Daylight Time)
[debug] [2020-10-08T16:57:25.803Z] ----------------------------------------------------------------------
[debug] [2020-10-08T16:57:25.803Z] 
[debug] [2020-10-08T16:57:25.816Z] > command requires scopes: ["email","openid","https://www.googleapis.com/auth/cloudplatformprojects.readonly","https://www.googleapis.com/auth/firebase","https://www.googleapis.com/auth/cloud-platform"]
[debug] [2020-10-08T16:57:25.817Z] > authorizing via signed-in user
[debug] [2020-10-08T16:57:25.817Z] [iam] checking project online-tic-tac-toe-9f63b for permissions ["firebase.projects.get"]
[debug] [2020-10-08T16:57:25.820Z] >>> HTTP REQUEST POST https://cloudresourcemanager.googleapis.com/v1/projects/online-tic-tac-toe-9f63b:testIamPermissions  
 {"permissions":["firebase.projects.get"]}
[debug] [2020-10-08T16:57:25.927Z] <<< HTTP RESPONSE 200 {"content-type":"application/json; charset=UTF-8","vary":"X-Origin, Referer, Origin,Accept-Encoding","date":"Thu, 08 Oct 2020 16:57:25 GMT","server":"ESF","cache-control":"private","x-xss-protection":"0","x-frame-options":"SAMEORIGIN","x-content-type-options":"nosniff","server-timing":"gfet4t7; dur=40","alt-svc":"h3-Q050=\":443\"; ma=2592000,h3-29=\":443\"; ma=2592000,h3-27=\":443\"; ma=2592000,h3-T051=\":443\"; ma=2592000,h3-T050=\":443\"; ma=2592000,h3-Q046=\":443\"; ma=2592000,h3-Q043=\":443\"; ma=2592000,quic=\":443\"; ma=2592000; v=\"46,43\"","accept-ranges":"none","transfer-encoding":"chunked"}
[debug] [2020-10-08T16:57:25.929Z] >>> HTTP REQUEST GET https://firebase.googleapis.com/v1beta1/projects/online-tic-tac-toe-9f63b  
 
[debug] [2020-10-08T16:57:26.112Z] <<< HTTP RESPONSE 200 {"content-type":"application/json; charset=UTF-8","vary":"X-Origin, Referer, Origin,Accept-Encoding","date":"Thu, 08 Oct 2020 16:57:26 GMT","server":"ESF","cache-control":"private","x-xss-protection":"0","x-frame-options":"SAMEORIGIN","x-content-type-options":"nosniff","alt-svc":"h3-Q050=\":443\"; ma=2592000,h3-29=\":443\"; ma=2592000,h3-27=\":443\"; ma=2592000,h3-T051=\":443\"; ma=2592000,h3-T050=\":443\"; ma=2592000,h3-Q046=\":443\"; ma=2592000,h3-Q043=\":443\"; ma=2592000,quic=\":443\"; ma=2592000; v=\"46,43\"","accept-ranges":"none","transfer-encoding":"chunked"}
[info] 
[info] === Serving from 'H:\WebDev12\firebase-tic-tac-toe-remix'...
[info] 
[debug] [2020-10-08T16:57:26.115Z] >>> HTTP REQUEST GET https://firebase.googleapis.com/v1beta1/projects/online-tic-tac-toe-9f63b/webApps/-/config  
 
[debug] [2020-10-08T16:57:26.443Z] <<< HTTP RESPONSE 200 {"content-type":"application/json; charset=UTF-8","vary":"X-Origin, Referer, Origin,Accept-Encoding","date":"Thu, 08 Oct 2020 16:57:26 GMT","server":"ESF","cache-control":"private","x-xss-protection":"0","x-frame-options":"SAMEORIGIN","x-content-type-options":"nosniff","alt-svc":"h3-Q050=\":443\"; ma=2592000,h3-29=\":443\"; ma=2592000,h3-27=\":443\"; ma=2592000,h3-T051=\":443\"; ma=2592000,h3-T050=\":443\"; ma=2592000,h3-Q046=\":443\"; ma=2592000,h3-Q043=\":443\"; ma=2592000,quic=\":443\"; ma=2592000; v=\"46,43\"","accept-ranges":"none","transfer-encoding":"chunked"}
[info] i  hosting: Serving hosting files from: public {"metadata":{"emulator":{"name":"hosting"},"message":"Serving hosting files from: \u001b[1mpublic\u001b[22m"}}
[info] +  hosting: Local server: http://localhost:5000 {"metadata":{"emulator":{"name":"hosting"},"message":"Local server: \u001b[4m\u001b[1mhttp://localhost:5000\u001b[22m\u001b[24m"}}
